<?xml version="1.0" encoding="UTF-8"?>
<testng-results ignored="0" total="1" passed="1" failed="0" skipped="0">
  <reporter-output>
  </reporter-output>
  <suite started-at="2022-09-15T01:08:05 IST" name="Default suite" finished-at="2022-09-15T01:08:28 IST" duration-ms="22907">
    <groups>
    </groups>
    <test started-at="2022-09-15T01:08:05 IST" name="Default test" finished-at="2022-09-15T01:08:28 IST" duration-ms="22907">
      <class name="com.timeKeeping.actiTime.selenium.TaskTest.CreateCustomerInTaskTest">
        <test-method is-config="true" signature="bsConfig()[pri:0, instance:com.timeKeeping.actiTime.selenium.TaskTest.CreateCustomerInTaskTest@5f058f00]" started-at="2022-09-15T01:08:05 IST" name="bsConfig" finished-at="2022-09-15T01:08:05 IST" duration-ms="14" status="PASS">
          <reporter-output>
          </reporter-output>
        </test-method> <!-- bsConfig -->
        <test-method is-config="true" signature="bcConfig()[pri:0, instance:com.timeKeeping.actiTime.selenium.TaskTest.CreateCustomerInTaskTest@5f058f00]" started-at="2022-09-15T01:08:05 IST" name="bcConfig" finished-at="2022-09-15T01:08:15 IST" duration-ms="10298" status="PASS">
          <reporter-output>
          </reporter-output>
        </test-method> <!-- bcConfig -->
        <test-method is-config="true" signature="bmConfig()[pri:0, instance:com.timeKeeping.actiTime.selenium.TaskTest.CreateCustomerInTaskTest@5f058f00]" started-at="2022-09-15T01:08:15 IST" name="bmConfig" finished-at="2022-09-15T01:08:16 IST" duration-ms="637" status="PASS">
          <reporter-output>
          </reporter-output>
        </test-method> <!-- bmConfig -->
        <test-method signature="CreateCustomerTest()[pri:0, instance:com.timeKeeping.actiTime.selenium.TaskTest.CreateCustomerInTaskTest@5f058f00]" started-at="2022-09-15T01:08:16 IST" name="CreateCustomerTest" finished-at="2022-09-15T01:08:25 IST" duration-ms="9237" status="PASS">
          <reporter-output>
          </reporter-output>
        </test-method> <!-- CreateCustomerTest -->
        <test-method is-config="true" signature="amConfig()[pri:0, instance:com.timeKeeping.actiTime.selenium.TaskTest.CreateCustomerInTaskTest@5f058f00]" started-at="2022-09-15T01:08:25 IST" name="amConfig" finished-at="2022-09-15T01:08:27 IST" duration-ms="2322" status="PASS">
          <reporter-output>
          </reporter-output>
        </test-method> <!-- amConfig -->
        <test-method is-config="true" signature="acConfig()[pri:0, instance:com.timeKeeping.actiTime.selenium.TaskTest.CreateCustomerInTaskTest@5f058f00]" started-at="2022-09-15T01:08:27 IST" name="acConfig" finished-at="2022-09-15T01:08:28 IST" duration-ms="369" status="PASS">
          <reporter-output>
          </reporter-output>
        </test-method> <!-- acConfig -->
        <test-method is-config="true" signature="asConfig()[pri:0, instance:com.timeKeeping.actiTime.selenium.TaskTest.CreateCustomerInTaskTest@5f058f00]" started-at="2022-09-15T01:08:28 IST" name="asConfig" finished-at="2022-09-15T01:08:28 IST" duration-ms="0" status="PASS">
          <reporter-output>
          </reporter-output>
        </test-method> <!-- asConfig -->
      </class> <!-- com.timeKeeping.actiTime.selenium.TaskTest.CreateCustomerInTaskTest -->
    </test> <!-- Default test -->
  </suite> <!-- Default suite -->
</testng-results>
